The system is: Windows - 10.0.17134 - AMD64
Compiling the CXX compiler identification source file "CMakeCXXCompilerId.cpp" succeeded.
Compiler:  
Build flags: 
Id flags:  

The output was:
0
Microsoft (R) Build Engine ўҐабЁЁ 15.9.21+g9802d43bc3 ¤«п .NET Framework
(C) Љ®аЇ®а жЁп Њ ©Єа®б®дв (Microsoft Corporation). ‚бҐ Їа ў  § йЁйҐ­л.

‘Ў®аЄ  ­ з в  25.09.2019 23:46:00.
Џа®ҐЄв "C:\Users\„ ­Ё«\Documents\GitHub\task1_point\bin\CMakeFiles\3.15.3\CompilerIdCXX\CompilerIdCXX.vcxproj" ў г§«Ґ 1 (жҐ«ҐўлҐ ®ЎкҐЄвл Ї® г¬®«з ­Ёо).
PrepareForBuild:
  ‘®§¤ ­ЁҐ Є в «®Ј  "Debug\".
  ‘®§¤ ­ЁҐ Є в «®Ј  "Debug\CompilerIdCXX.tlog\".
InitializeBuildStatus:
  ‘®§¤ ­ЁҐ "Debug\CompilerIdCXX.tlog\unsuccessfulbuild", в Є Є Є Ўл«® § ¤ ­® "AlwaysCreate".
ClCompile:
  C:\Program Files (x86)\Microsoft Visual Studio\2017\Community\VC\Tools\MSVC\14.16.27023\bin\HostX86\x86\CL.exe /c /nologo /W0 /WX- /diagnostics:classic /Od /Oy- /D _MBCS /Gm- /EHsc /RTC1 /MDd /GS /fp:precise /Zc:wchar_t /Zc:forScope /Zc:inline /Fo"Debug\\" /Fd"Debug\vc141.pdb" /Gd /TP /analyze- /FC /errorReport:queue CMakeCXXCompilerId.cpp
  CMakeCXXCompilerId.cpp
Link:
  C:\Program Files (x86)\Microsoft Visual Studio\2017\Community\VC\Tools\MSVC\14.16.27023\bin\HostX86\x86\link.exe /ERRORREPORT:QUEUE /OUT:".\CompilerIdCXX.exe" /INCREMENTAL:NO /NOLOGO kernel32.lib user32.lib gdi32.lib winspool.lib comdlg32.lib advapi32.lib shell32.lib ole32.lib oleaut32.lib uuid.lib odbc32.lib odbccp32.lib /MANIFEST /MANIFESTUAC:"level='asInvoker' uiAccess='false'" /manifest:embed /PDB:".\CompilerIdCXX.pdb" /SUBSYSTEM:CONSOLE /TLBID:1 /DYNAMICBASE /NXCOMPAT /IMPLIB:".\CompilerIdCXX.lib" /MACHINE:X86 /SAFESEH Debug\CMakeCXXCompilerId.obj
  CompilerIdCXX.vcxproj -> C:\Users\„ ­Ё«\Documents\GitHub\task1_point\bin\CMakeFiles\3.15.3\CompilerIdCXX\.\CompilerIdCXX.exe
PostBuildEvent:
  for %%i in (cl.exe) do @echo CMAKE_CXX_COMPILER=%%~$PATH:i
  :VCEnd
  CMAKE_CXX_COMPILER=C:\Program Files (x86)\Microsoft Visual Studio\2017\Community\VC\Tools\MSVC\14.16.27023\bin\Hostx86\x86\cl.exe
FinalizeBuildStatus:
  ” ©« "Debug\CompilerIdCXX.tlog\unsuccessfulbuild" г¤ «пҐвбп.
  ЋЎа йҐ­ЁҐ Є "Debug\CompilerIdCXX.tlog\CompilerIdCXX.lastbuildstate".
‘Ў®аЄ  Їа®ҐЄв  "C:\Users\„ ­Ё«\Documents\GitHub\task1_point\bin\CMakeFiles\3.15.3\CompilerIdCXX\CompilerIdCXX.vcxproj" § ўҐаиҐ­  (жҐ«ҐўлҐ ®ЎкҐЄвл Ї® г¬®«з ­Ёо).

‘Ў®аЄ  гбЇҐи­® § ўҐаиҐ­ .
    ЏаҐ¤гЇаҐ¦¤Ґ­Ё©: 0
    ЋиЁЎ®Є: 0

Џа®и«® ўаҐ¬Ґ­Ё 00:00:06.36


Compilation of the CXX compiler identification source "CMakeCXXCompilerId.cpp" produced "CompilerIdCXX.exe"

Compilation of the CXX compiler identification source "CMakeCXXCompilerId.cpp" produced "CompilerIdCXX.vcxproj"

The CXX compiler identification is MSVC, found in "C:/Users/Данил/Documents/GitHub/task1_point/bin/CMakeFiles/3.15.3/CompilerIdCXX/CompilerIdCXX.exe"

Determining if the CXX compiler works passed with the following output:
Change Dir: C:/Users/Данил/Documents/GitHub/task1_point/bin/CMakeFiles/CMakeTmp

Run Build Command(s):C:/Program Files (x86)/Microsoft Visual Studio/2017/Community/MSBuild/15.0/Bin/MSBuild.exe cmTC_74423.vcxproj /p:Configuration=Debug /p:Platform=Win32 /p:VisualStudioVersion=15.0 /v:m && Microsoft (R) Build Engine ўҐабЁЁ 15.9.21+g9802d43bc3 ¤«п .NET Framework
(C) Љ®аЇ®а жЁп Њ ©Єа®б®дв (Microsoft Corporation). ‚бҐ Їа ў  § йЁйҐ­л.

  ЋЇвЁ¬Ё§ЁагойЁ© Є®¬ЇЁ«пв®а Microsoft (R) C/C++ ўҐабЁЁ 19.16.27027.1 ¤«п x86
  (C) Љ®аЇ®а жЁп Њ ©Єа®б®дв (Microsoft Corporation).  ‚бҐ Їа ў  § йЁйҐ­л.
  
  testCXXCompiler.cxx
  cl /c /Zi /W3 /WX- /diagnostics:classic /Od /Ob0 /Oy- /D WIN32 /D _WINDOWS /D "CMAKE_INTDIR=\"Debug\"" /D _MBCS /Gm- /EHsc /RTC1 /MDd /GS /fp:precise /Zc:wchar_t /Zc:forScope /Zc:inline /GR /Fo"cmTC_74423.dir\Debug\\" /Fd"cmTC_74423.dir\Debug\vc141.pdb" /Gd /TP /analyze- /errorReport:queue "C:\Users\„ ­Ё«\Documents\GitHub\task1_point\bin\CMakeFiles\CMakeTmp\testCXXCompiler.cxx"
  
  cmTC_74423.vcxproj -> C:\Users\„ ­Ё«\Documents\GitHub\task1_point\bin\CMakeFiles\CMakeTmp\Debug\cmTC_74423.exe



Detecting CXX compiler ABI info compiled with the following output:
Change Dir: C:/Users/Данил/Documents/GitHub/task1_point/bin/CMakeFiles/CMakeTmp

Run Build Command(s):C:/Program Files (x86)/Microsoft Visual Studio/2017/Community/MSBuild/15.0/Bin/MSBuild.exe cmTC_15e99.vcxproj /p:Configuration=Debug /p:Platform=Win32 /p:VisualStudioVersion=15.0 /v:m && Microsoft (R) Build Engine ўҐабЁЁ 15.9.21+g9802d43bc3 ¤«п .NET Framework
(C) Љ®аЇ®а жЁп Њ ©Єа®б®дв (Microsoft Corporation). ‚бҐ Їа ў  § йЁйҐ­л.

  ЋЇвЁ¬Ё§ЁагойЁ© Є®¬ЇЁ«пв®а Microsoft (R) C/C++ ўҐабЁЁ 19.16.27027.1 ¤«п x86
  (C) Љ®аЇ®а жЁп Њ ©Єа®б®дв (Microsoft Corporation).  ‚бҐ Їа ў  § йЁйҐ­л.
  
  CMakeCXXCompilerABI.cpp
  cl /c /Zi /W3 /WX- /diagnostics:classic /Od /Ob0 /Oy- /D WIN32 /D _WINDOWS /D "CMAKE_INTDIR=\"Debug\"" /D _MBCS /Gm- /EHsc /RTC1 /MDd /GS /fp:precise /Zc:wchar_t /Zc:forScope /Zc:inline /GR /Fo"cmTC_15e99.dir\Debug\\" /Fd"cmTC_15e99.dir\Debug\vc141.pdb" /Gd /TP /analyze- /errorReport:queue "C:\Program Files\CMake\share\cmake-3.15\Modules\CMakeCXXCompilerABI.cpp"
  
  cmTC_15e99.vcxproj -> C:\Users\„ ­Ё«\Documents\GitHub\task1_point\bin\CMakeFiles\CMakeTmp\Debug\cmTC_15e99.exe



